#
# There is insufficient memory for the Java Runtime Environment to continue.
# Native memory allocation (mmap) failed to map 125829120 bytes for committing reserved memory.
# Possible reasons:
#   The system is out of physical RAM or swap space
#   In 32 bit mode, the process size limit was hit
# Possible solutions:
#   Reduce memory load on the system
#   Increase physical memory or swap space
#   Check if swap backing store is full
#   Use 64 bit Java on a 64 bit OS
#   Decrease Java heap size (-Xmx/-Xms)
#   Decrease number of Java threads
#   Decrease Java thread stack sizes (-Xss)
#   Set larger code cache with -XX:ReservedCodeCacheSize=
# This output file may be truncated or incomplete.
#
#  Out of Memory Error (os_linux.cpp:2673), pid=5182, tid=139712820442880
#
# JRE version: Java(TM) SE Runtime Environment (8.0_45-b14) (build 1.8.0_45-b14)
# Java VM: Java HotSpot(TM) 64-Bit Server VM (25.45-b02 mixed mode linux-amd64 compressed oops)
# Failed to write core dump. Core dumps have been disabled. To enable core dumping, try "ulimit -c unlimited" before starting Java again
#

---------------  T H R E A D  ---------------

Current thread (0x00007f1180075800):  VMThread [stack: 0x00007f116cf87000,0x00007f116d088000] [id=5191]

Stack: [0x00007f116cf87000,0x00007f116d088000],  sp=0x00007f116d0860e0,  free space=1020k
Native frames: (J=compiled Java code, j=interpreted, Vv=VM code, C=native code)
V  [libjvm.so+0xaac99a]  VMError::report_and_die()+0x2ba
V  [libjvm.so+0x4f333b]  report_vm_out_of_memory(char const*, int, unsigned long, VMErrorType, char const*)+0x8b
V  [libjvm.so+0x90e7c3]  os::Linux::commit_memory_impl(char*, unsigned long, bool)+0x103
V  [libjvm.so+0x90ed19]  os::pd_commit_memory(char*, unsigned long, unsigned long, bool)+0x29
V  [libjvm.so+0x90867a]  os::commit_memory(char*, unsigned long, unsigned long, bool)+0x2a
V  [libjvm.so+0x97bac3]  PSVirtualSpace::expand_by(unsigned long)+0x53
V  [libjvm.so+0x97cec8]  PSYoungGen::resize_generation(unsigned long, unsigned long)+0xf8
V  [libjvm.so+0x97c022]  PSYoungGen::resize(unsigned long, unsigned long)+0x22
V  [libjvm.so+0x9792fb]  PSScavenge::invoke_no_policy()+0xf7b
V  [libjvm.so+0x979a81]  PSScavenge::invoke()+0x41
V  [libjvm.so+0x932050]  ParallelScavengeHeap::failed_mem_allocate(unsigned long)+0x70
V  [libjvm.so+0xaae1d7]  VM_ParallelGCFailedAllocation::doit()+0x97
V  [libjvm.so+0xab59c5]  VM_Operation::evaluate()+0x55
V  [libjvm.so+0xab3d9a]  VMThread::evaluate_operation(VM_Operation*)+0xba
V  [libjvm.so+0xab411e]  VMThread::loop()+0x1ce
V  [libjvm.so+0xab4590]  VMThread::run()+0x70
V  [libjvm.so+0x910de8]  java_start(Thread*)+0x108

VM_Operation (0x00007f1186ee4050): ParallelGCFailedAllocation, mode: safepoint, requested by thread 0x00007f118000c000


---------------  P R O C E S S  ---------------

Java Threads: ( => current thread )
  0x00007f11800c5800 JavaThread "Service Thread" daemon [_thread_blocked, id=5198, stack(0x00007f116c583000,0x00007f116c684000)]
  0x00007f11800b9000 JavaThread "C1 CompilerThread1" daemon [_thread_blocked, id=5197, stack(0x00007f116c684000,0x00007f116c785000)]
  0x00007f11800b6000 JavaThread "C2 CompilerThread0" daemon [_thread_blocked, id=5196, stack(0x00007f116c785000,0x00007f116c886000)]
  0x00007f11800b4800 JavaThread "Signal Dispatcher" daemon [_thread_blocked, id=5195, stack(0x00007f116c886000,0x00007f116c987000)]
  0x00007f118007c800 JavaThread "Finalizer" daemon [_thread_blocked, id=5193, stack(0x00007f116cd85000,0x00007f116ce86000)]
  0x00007f118007a800 JavaThread "Reference Handler" daemon [_thread_blocked, id=5192, stack(0x00007f116ce86000,0x00007f116cf87000)]
  0x00007f118000c000 JavaThread "main" [_thread_blocked, id=5188, stack(0x00007f1186de5000,0x00007f1186ee6000)]

Other Threads:
=>0x00007f1180075800 VMThread [stack: 0x00007f116cf87000,0x00007f116d088000] [id=5191]
  0x00007f11800c8000 WatcherThread [stack: 0x00007f116c482000,0x00007f116c583000] [id=5199]

VM state:at safepoint (normal execution)

VM Mutex/Monitor currently owned by a thread:  ([mutex/lock_event])
[0x00007f11800081d0] Threads_lock - owner thread: 0x00007f1180075800
[0x00007f11800086d0] Heap_lock - owner thread: 0x00007f118000c000

Heap:
 PSYoungGen      total 133120K, used 7503K [0x00000000eab00000, 0x00000000f3700000, 0x0000000100000000)
  eden space 122880K, 0% used [0x00000000eab00000,0x00000000eab00000,0x00000000f2300000)
  from space 10240K, 73% used [0x00000000f2300000,0x00000000f2a53e78,0x00000000f2d00000)
  to   space 10240K, 0% used [0x00000000f2d00000,0x00000000f2d00000,0x00000000f3700000)
 ParOldGen       total 39936K, used 26669K [0x00000000c0000000, 0x00000000c2700000, 0x00000000eab00000)
  object space 39936K, 66% used [0x00000000c0000000,0x00000000c1a0b5f8,0x00000000c2700000)
 Metaspace       used 7757K, capacity 8042K, committed 8320K, reserved 1056768K
  class space    used 754K, capacity 789K, committed 896K, reserved 1048576K

Card table byte_map: [0x00007f1170824000,0x00007f1170a25000] byte_map_base: 0x00007f1170224000

Marking Bits: (ParMarkBitMap*) 0x00007f11862b4760
 Begin Bits: [0x00007f116e622000, 0x00007f116f622000)
 End Bits:   [0x00007f116f622000, 0x00007f1170622000)

Polling page: 0x00007f1186efb000

CodeCache: size=245760Kb used=8044Kb max_used=8044Kb free=237715Kb
 bounds [0x00007f1170de5000, 0x00007f11715d5000, 0x00007f117fde5000]
 total_blobs=2671 nmethods=2375 adapters=210
 compilation: enabled

Compilation events (10 events):
Event: 5,308 Thread 0x00007f11800b9000 2409       3       java.util.ComparableTimSort::mergeHi (729 bytes)
Event: 5,311 Thread 0x00007f11800b9000 nmethod 2409 0x00007f11715c5310 code [0x00007f11715c5660, 0x00007f11715c7b18]
Event: 5,418 Thread 0x00007f11800b9000 2411       2       java.util.regex.Pattern$BranchConn::match (11 bytes)
Event: 5,419 Thread 0x00007f11800b9000 nmethod 2411 0x00007f11715a4ed0 code [0x00007f11715a5040, 0x00007f11715a51c8]
Event: 5,464 Thread 0x00007f11800b9000 2412       2       com.android.dex.EncodedValueReader::readBoolean (24 bytes)
Event: 5,464 Thread 0x00007f11800b9000 nmethod 2412 0x00007f11715a8f50 code [0x00007f11715a90c0, 0x00007f11715a9268]
Event: 5,608 Thread 0x00007f11800b9000 2414       2       com.android.dex.Dex$Section::used (13 bytes)
Event: 5,609 Thread 0x00007f11800b9000 nmethod 2414 0x00007f11715a8c10 code [0x00007f11715a8d60, 0x00007f11715a8eb0]
Event: 5,649 Thread 0x00007f11800b9000 2415       2       java.util.HashMap::putVal (300 bytes)
Event: 5,651 Thread 0x00007f11800b9000 nmethod 2415 0x00007f11715ba890 code [0x00007f11715baaa0, 0x00007f11715bb198]

GC Heap History (10 events):
Event: 2,280 GC heap after
Heap after GC invocations=2 (full 0):
 PSYoungGen      total 32768K, used 2021K [0x00000000eab00000, 0x00000000ecd00000, 0x0000000100000000)
  eden space 30720K, 0% used [0x00000000eab00000,0x00000000eab00000,0x00000000ec900000)
  from space 2048K, 98% used [0x00000000ecb00000,0x00000000eccf94e0,0x00000000ecd00000)
  to   space 2048K, 0% used [0x00000000ec900000,0x00000000ec900000,0x00000000ecb00000)
 ParOldGen       total 39936K, used 6542K [0x00000000c0000000, 0x00000000c2700000, 0x00000000eab00000)
  object space 39936K, 16% used [0x00000000c0000000,0x00000000c0663ab8,0x00000000c2700000)
 Metaspace       used 5549K, capacity 6896K, committed 7040K, reserved 1056768K
  class space    used 546K, capacity 616K, committed 640K, reserved 1048576K
}
Event: 2,776 GC heap before
{Heap before GC invocations=3 (full 0):
 PSYoungGen      total 32768K, used 32596K [0x00000000eab00000, 0x00000000ecd00000, 0x0000000100000000)
  eden space 30720K, 99% used [0x00000000eab00000,0x00000000ec8dbd90,0x00000000ec900000)
  from space 2048K, 98% used [0x00000000ecb00000,0x00000000eccf94e0,0x00000000ecd00000)
  to   space 2048K, 0% used [0x00000000ec900000,0x00000000ec900000,0x00000000ecb00000)
 ParOldGen       total 39936K, used 6542K [0x00000000c0000000, 0x00000000c2700000, 0x00000000eab00000)
  object space 39936K, 16% used [0x00000000c0000000,0x00000000c0663ab8,0x00000000c2700000)
 Metaspace       used 5640K, capacity 6960K, committed 7040K, reserved 1056768K
  class space    used 547K, capacity 616K, committed 640K, reserved 1048576K
Event: 2,801 GC heap after
Heap after GC invocations=3 (full 0):
 PSYoungGen      total 32768K, used 2036K [0x00000000eab00000, 0x00000000eeb00000, 0x0000000100000000)
  eden space 30720K, 0% used [0x00000000eab00000,0x00000000eab00000,0x00000000ec900000)
  from space 2048K, 99% used [0x00000000ec900000,0x00000000ecafd2b0,0x00000000ecb00000)
  to   space 2048K, 0% used [0x00000000ee900000,0x00000000ee900000,0x00000000eeb00000)
 ParOldGen       total 39936K, used 15672K [0x00000000c0000000, 0x00000000c2700000, 0x00000000eab00000)
  object space 39936K, 39% used [0x00000000c0000000,0x00000000c0f4e228,0x00000000c2700000)
 Metaspace       used 5640K, capacity 6960K, committed 7040K, reserved 1056768K
  class space    used 547K, capacity 616K, committed 640K, reserved 1048576K
}
Event: 4,122 GC heap before
{Heap before GC invocations=4 (full 0):
 PSYoungGen      total 32768K, used 31769K [0x00000000eab00000, 0x00000000eeb00000, 0x0000000100000000)
  eden space 30720K, 96% used [0x00000000eab00000,0x00000000ec809188,0x00000000ec900000)
  from space 2048K, 99% used [0x00000000ec900000,0x00000000ecafd2b0,0x00000000ecb00000)
  to   space 2048K, 0% used [0x00000000ee900000,0x00000000ee900000,0x00000000eeb00000)
 ParOldGen       total 39936K, used 15672K [0x00000000c0000000, 0x00000000c2700000, 0x00000000eab00000)
  object space 39936K, 39% used [0x00000000c0000000,0x00000000c0f4e228,0x00000000c2700000)
 Metaspace       used 7588K, capacity 8036K, committed 8320K, reserved 1056768K
  class space    used 746K, capacity 788K, committed 896K, reserved 1048576K
Event: 4,148 GC heap after
Heap after GC invocations=4 (full 0):
 PSYoungGen      total 63488K, used 2033K [0x00000000eab00000, 0x00000000eeb00000, 0x0000000100000000)
  eden space 61440K, 0% used [0x00000000eab00000,0x00000000eab00000,0x00000000ee700000)
  from space 2048K, 99% used [0x00000000ee900000,0x00000000eeafc7b8,0x00000000eeb00000)
  to   space 2048K, 0% used [0x00000000ee700000,0x00000000ee700000,0x00000000ee900000)
 ParOldGen       total 39936K, used 20710K [0x00000000c0000000, 0x00000000c2700000, 0x00000000eab00000)
  object space 39936K, 51% used [0x00000000c0000000,0x00000000c1439aa0,0x00000000c2700000)
 Metaspace       used 7588K, capacity 8036K, committed 8320K, reserved 1056768K
  class space    used 746K, capacity 788K, committed 896K, reserved 1048576K
}
Event: 4,670 GC heap before
{Heap before GC invocations=5 (full 0):
 PSYoungGen      total 63488K, used 63473K [0x00000000eab00000, 0x00000000eeb00000, 0x0000000100000000)
  eden space 61440K, 100% used [0x00000000eab00000,0x00000000ee700000,0x00000000ee700000)
  from space 2048K, 99% used [0x00000000ee900000,0x00000000eeafc7b8,0x00000000eeb00000)
  to   space 2048K, 0% used [0x00000000ee700000,0x00000000ee700000,0x00000000ee900000)
 ParOldGen       total 39936K, used 20710K [0x00000000c0000000, 0x00000000c2700000, 0x00000000eab00000)
  object space 39936K, 51% used [0x00000000c0000000,0x00000000c1439aa0,0x00000000c2700000)
 Metaspace       used 7721K, capacity 8042K, committed 8320K, reserved 1056768K
  class space    used 754K, capacity 789K, committed 896K, reserved 1048576K
Event: 4,693 GC heap after
Heap after GC invocations=5 (full 0):
 PSYoungGen      total 63488K, used 2027K [0x00000000eab00000, 0x00000000f3700000, 0x0000000100000000)
  eden space 61440K, 0% used [0x00000000eab00000,0x00000000eab00000,0x00000000ee700000)
  from space 2048K, 99% used [0x00000000ee700000,0x00000000ee8fae70,0x00000000ee900000)
  to   space 10240K, 0% used [0x00000000f2d00000,0x00000000f2d00000,0x00000000f3700000)
 ParOldGen       total 39936K, used 25246K [0x00000000c0000000, 0x00000000c2700000, 0x00000000eab00000)
  object space 39936K, 63% used [0x00000000c0000000,0x00000000c18a7828,0x00000000c2700000)
 Metaspace       used 7721K, capacity 8042K, committed 8320K, reserved 1056768K
  class space    used 754K, capacity 789K, committed 896K, reserved 1048576K
}
Event: 5,016 GC heap before
{Heap before GC invocations=6 (full 0):
 PSYoungGen      total 63488K, used 63467K [0x00000000eab00000, 0x00000000f3700000, 0x0000000100000000)
  eden space 61440K, 100% used [0x00000000eab00000,0x00000000ee700000,0x00000000ee700000)
  from space 2048K, 99% used [0x00000000ee700000,0x00000000ee8fae70,0x00000000ee900000)
  to   space 10240K, 0% used [0x00000000f2d00000,0x00000000f2d00000,0x00000000f3700000)
 ParOldGen       total 39936K, used 25246K [0x00000000c0000000, 0x00000000c2700000, 0x00000000eab00000)
  object space 39936K, 63% used [0x00000000c0000000,0x00000000c18a7828,0x00000000c2700000)
 Metaspace       used 7752K, capacity 8042K, committed 8320K, reserved 1056768K
  class space    used 754K, capacity 789K, committed 896K, reserved 1048576K
Event: 5,042 GC heap after
Heap after GC invocations=6 (full 0):
 PSYoungGen      total 133120K, used 5836K [0x00000000eab00000, 0x00000000f3700000, 0x0000000100000000)
  eden space 122880K, 0% used [0x00000000eab00000,0x00000000eab00000,0x00000000f2300000)
  from space 10240K, 56% used [0x00000000f2d00000,0x00000000f32b3278,0x00000000f3700000)
  to   space 10240K, 0% used [0x00000000f2300000,0x00000000f2300000,0x00000000f2d00000)
 ParOldGen       total 39936K, used 25246K [0x00000000c0000000, 0x00000000c2700000, 0x00000000eab00000)
  object space 39936K, 63% used [0x00000000c0000000,0x00000000c18a7828,0x00000000c2700000)
 Metaspace       used 7752K, capacity 8042K, committed 8320K, reserved 1056768K
  class space    used 754K, capacity 789K, committed 896K, reserved 1048576K
}
Event: 5,674 GC heap before
{Heap before GC invocations=7 (full 0):
 PSYoungGen      total 133120K, used 128716K [0x00000000eab00000, 0x00000000f3700000, 0x0000000100000000)
  eden space 122880K, 100% used [0x00000000eab00000,0x00000000f2300000,0x00000000f2300000)
  from space 10240K, 56% used [0x00000000f2d00000,0x00000000f32b3278,0x00000000f3700000)
  to   space 10240K, 0% used [0x00000000f2300000,0x00000000f2300000,0x00000000f2d00000)
 ParOldGen       total 39936K, used 25246K [0x00000000c0000000, 0x00000000c2700000, 0x00000000eab00000)
  object space 39936K, 63% used [0x00000000c0000000,0x00000000c18a7828,0x00000000c2700000)
 Metaspace       used 7757K, capacity 8042K, committed 8320K, reserved 1056768K
  class space    used 754K, capacity 789K, committed 896K, reserved 1048576K

Deoptimization events (10 events):
Event: 3,566 Thread 0x00007f118000c000 Uncommon trap: reason=unstable_if action=reinterpret pc=0x00007f11713201e0 method=java.util.HashMap.getNode(ILjava/lang/Object;)Ljava/util/HashMap$Node; @ 84
Event: 3,607 Thread 0x00007f118000c000 Uncommon trap: reason=unstable_if action=reinterpret pc=0x00007f117136c104 method=java.util.HashMap.getNode(ILjava/lang/Object;)Ljava/util/HashMap$Node; @ 84
Event: 3,656 Thread 0x00007f118000c000 Uncommon trap: reason=unstable_if action=reinterpret pc=0x00007f1171476794 method=com.android.dx.merge.IndexMap.adjustString(I)I @ 2
Event: 3,872 Thread 0x00007f118000c000 Uncommon trap: reason=predicate action=maybe_recompile pc=0x00007f117148d818 method=com.android.dex.Leb128.readUnsignedLeb128(Lcom/android/dex/util/ByteInput;)I @ 41
Event: 4,025 Thread 0x00007f118000c000 Uncommon trap: reason=unstable_if action=reinterpret pc=0x00007f11714d63e0 method=com.android.dex.FieldId.compareTo(Lcom/android/dex/FieldId;)I @ 8
Event: 4,025 Thread 0x00007f118000c000 Uncommon trap: reason=unstable_if action=reinterpret pc=0x00007f11714d7554 method=com.android.dex.FieldId.compareTo(Lcom/android/dex/FieldId;)I @ 8
Event: 4,251 Thread 0x00007f118000c000 Uncommon trap: reason=unstable_if action=reinterpret pc=0x00007f117143ce6c method=com.android.dex.Mutf8.decode(Lcom/android/dex/util/ByteInput;[C)Ljava/lang/String; @ 37
Event: 4,251 Thread 0x00007f118000c000 Uncommon trap: reason=unstable_if action=reinterpret pc=0x00007f1171442cd8 method=com.android.dex.Mutf8.countBytes(Ljava/lang/String;Z)J @ 35
Event: 4,251 Thread 0x00007f118000c000 Uncommon trap: reason=unstable_if action=reinterpret pc=0x00007f117143e928 method=com.android.dex.Mutf8.encode([BILjava/lang/String;)V @ 31
Event: 5,649 Thread 0x00007f118000c000 Uncommon trap: reason=unstable_if action=reinterpret pc=0x00007f11715b7160 method=java.util.HashMap$TreeNode.putTreeVal(Ljava/util/HashMap;[Ljava/util/HashMap$Node;ILjava/lang/Object;Ljava/lang/Object;)Ljava/util/HashMap$TreeNode; @ 36

Internal exceptions (6 events):
Event: 0,353 Thread 0x00007f118000c000 Exception <a 'java/lang/NoSuchMethodError': Method sun.misc.Unsafe.defineClass(Ljava/lang/String;[BII)Ljava/lang/Class; name or signature does not match> (0x00000000eab12a38) thrown at [/RE-WORK/workspace/8-2-build-linux-amd64/jdk8u45/3457/hotspot/src/sha
Event: 0,353 Thread 0x00007f118000c000 Exception <a 'java/lang/NoSuchMethodError': Method sun.misc.Unsafe.prefetchRead(Ljava/lang/Object;J)V name or signature does not match> (0x00000000eab12cc8) thrown at [/RE-WORK/workspace/8-2-build-linux-amd64/jdk8u45/3457/hotspot/src/share/vm/prims/jni.cp
Event: 3,745 Thread 0x00007f118000c000 Exception <a 'java/security/PrivilegedActionException'> (0x00000000eb78e930) thrown at [/RE-WORK/workspace/8-2-build-linux-amd64/jdk8u45/3457/hotspot/src/share/vm/prims/jvm.cpp, line 1382]
Event: 3,745 Thread 0x00007f118000c000 Exception <a 'java/security/PrivilegedActionException'> (0x00000000eb78ec78) thrown at [/RE-WORK/workspace/8-2-build-linux-amd64/jdk8u45/3457/hotspot/src/share/vm/prims/jvm.cpp, line 1382]
Event: 3,746 Thread 0x00007f118000c000 Exception <a 'java/security/PrivilegedActionException'> (0x00000000eb791328) thrown at [/RE-WORK/workspace/8-2-build-linux-amd64/jdk8u45/3457/hotspot/src/share/vm/prims/jvm.cpp, line 1382]
Event: 3,746 Thread 0x00007f118000c000 Exception <a 'java/security/PrivilegedActionException'> (0x00000000eb791670) thrown at [/RE-WORK/workspace/8-2-build-linux-amd64/jdk8u45/3457/hotspot/src/share/vm/prims/jvm.cpp, line 1382]

Events (10 events):
Event: 5,199 Thread 0x00007f118000c000 DEOPT PACKING pc=0x00007f11715120f9 sp=0x00007f1186ee44c0
Event: 5,199 Thread 0x00007f118000c000 DEOPT UNPACKING pc=0x00007f1170e2c233 sp=0x00007f1186ee4260 mode 0
Event: 5,203 Thread 0x00007f118000c000 DEOPT PACKING pc=0x00007f11715120f9 sp=0x00007f1186ee44c0
Event: 5,203 Thread 0x00007f118000c000 DEOPT UNPACKING pc=0x00007f1170e2c233 sp=0x00007f1186ee4260 mode 0
Event: 5,311 Thread 0x00007f118000c000 DEOPT PACKING pc=0x00007f117157dd92 sp=0x00007f1186ee4140
Event: 5,311 Thread 0x00007f118000c000 DEOPT UNPACKING pc=0x00007f1170e2c233 sp=0x00007f1186ee3ee0 mode 0
Event: 5,649 Thread 0x00007f118000c000 Uncommon trap: trap_request=0xffffff65 fr.pc=0x00007f11715b7160
Event: 5,649 Thread 0x00007f118000c000 DEOPT PACKING pc=0x00007f11715b7160 sp=0x00007f1186ee43a0
Event: 5,649 Thread 0x00007f118000c000 DEOPT UNPACKING pc=0x00007f1170dea229 sp=0x00007f1186ee4288 mode 2
Event: 5,674 Executing VM operation: ParallelGCFailedAllocation


Dynamic libraries:
00400000-00401000 r-xp 00000000 08:01 2894400                            /usr/lib/jvm/java-8-oracle/bin/java
00600000-00601000 rw-p 00000000 08:01 2894400                            /usr/lib/jvm/java-8-oracle/bin/java
0073a000-0075b000 rw-p 00000000 00:00 0                                  [heap]
c0000000-c2700000 rw-p 00000000 00:00 0 
c2700000-eab00000 ---p 00000000 00:00 0 
eab00000-f3700000 rw-p 00000000 00:00 0 
faf00000-100000000 ---p 00000000 00:00 0 
100000000-1000e0000 rw-p 00000000 00:00 0 
1000e0000-140000000 ---p 00000000 00:00 0 
7f1140000000-7f1140021000 rw-p 00000000 00:00 0 
7f1140021000-7f1144000000 ---p 00000000 00:00 0 
7f1148000000-7f1148663000 rw-p 00000000 00:00 0 
7f1148663000-7f114c000000 ---p 00000000 00:00 0 
7f114c000000-7f114c021000 rw-p 00000000 00:00 0 
7f114c021000-7f1150000000 ---p 00000000 00:00 0 
7f1150000000-7f1150021000 rw-p 00000000 00:00 0 
7f1150021000-7f1154000000 ---p 00000000 00:00 0 
7f1154000000-7f1154939000 rw-p 00000000 00:00 0 
7f1154939000-7f1158000000 ---p 00000000 00:00 0 
7f1158000000-7f1158021000 rw-p 00000000 00:00 0 
7f1158021000-7f115c000000 ---p 00000000 00:00 0 
7f115c000000-7f115c021000 rw-p 00000000 00:00 0 
7f115c021000-7f1160000000 ---p 00000000 00:00 0 
7f1160000000-7f1160021000 rw-p 00000000 00:00 0 
7f1160021000-7f1164000000 ---p 00000000 00:00 0 
7f1164000000-7f1164294000 rw-p 00000000 00:00 0 
7f1164294000-7f1168000000 ---p 00000000 00:00 0 
7f1168000000-7f1168021000 rw-p 00000000 00:00 0 
7f1168021000-7f116c000000 ---p 00000000 00:00 0 
7f116c455000-7f116c45c000 r--s 00000000 08:01 3020664                    /usr/lib/x86_64-linux-gnu/gconv/gconv-modules.cache
7f116c45c000-7f116c482000 r--p 00000000 08:01 3156328                    /usr/share/locale-langpack/es/LC_MESSAGES/libc.mo
7f116c482000-7f116c483000 ---p 00000000 00:00 0 
7f116c483000-7f116c583000 rw-p 00000000 00:00 0                          [stack:5199]
7f116c583000-7f116c586000 ---p 00000000 00:00 0 
7f116c586000-7f116c684000 rw-p 00000000 00:00 0                          [stack:5198]
7f116c684000-7f116c687000 ---p 00000000 00:00 0 
7f116c687000-7f116c785000 rw-p 00000000 00:00 0                          [stack:5197]
7f116c785000-7f116c788000 ---p 00000000 00:00 0 
7f116c788000-7f116c886000 rw-p 00000000 00:00 0                          [stack:5196]
7f116c886000-7f116c889000 ---p 00000000 00:00 0 
7f116c889000-7f116c987000 rw-p 00000000 00:00 0                          [stack:5195]
7f116c987000-7f116cd85000 r--p 00000000 08:01 2887912                    /usr/lib/locale/locale-archive
7f116cd85000-7f116cd88000 ---p 00000000 00:00 0 
7f116cd88000-7f116ce86000 rw-p 00000000 00:00 0                          [stack:5193]
7f116ce86000-7f116ce89000 ---p 00000000 00:00 0 
7f116ce89000-7f116cf87000 rw-p 00000000 00:00 0                          [stack:5192]
7f116cf87000-7f116cf88000 ---p 00000000 00:00 0 
7f116cf88000-7f116d9d3000 rw-p 00000000 00:00 0                          [stack:5191]
7f116d9d3000-7f116dbac000 r--s 03d09000 08:01 3154346                    /usr/lib/jvm/java-8-oracle/jre/lib/rt.jar
7f116dbac000-7f116e362000 rw-p 00000000 00:00 0 
7f116e362000-7f116e422000 ---p 00000000 00:00 0 
7f116e422000-7f1170622000 rw-p 00000000 00:00 0 
7f1170622000-7f1170623000 ---p 00000000 00:00 0 
7f1170623000-7f1170723000 rw-p 00000000 00:00 0                          [stack:5190]
7f1170723000-7f1170724000 ---p 00000000 00:00 0 
7f1170724000-7f1170838000 rw-p 00000000 00:00 0                          [stack:5189]
7f1170838000-7f1170979000 ---p 00000000 00:00 0 
7f1170979000-7f11709c0000 rw-p 00000000 00:00 0 
7f11709c0000-7f1170a24000 ---p 00000000 00:00 0 
7f1170a24000-7f1170a45000 rw-p 00000000 00:00 0 
7f1170a45000-7f1170de5000 ---p 00000000 00:00 0 
7f1170de5000-7f11715d5000 rwxp 00000000 00:00 0 
7f11715d5000-7f117fde5000 ---p 00000000 00:00 0 
7f117fde5000-7f117fdff000 r-xp 00000000 08:01 3154446                    /usr/lib/jvm/java-8-oracle/jre/lib/amd64/libzip.so
7f117fdff000-7f117ffff000 ---p 0001a000 08:01 3154446                    /usr/lib/jvm/java-8-oracle/jre/lib/amd64/libzip.so
7f117ffff000-7f1180000000 rw-p 0001a000 08:01 3154446                    /usr/lib/jvm/java-8-oracle/jre/lib/amd64/libzip.so
7f1180000000-7f11803a3000 rw-p 00000000 00:00 0 
7f11803a3000-7f1184000000 ---p 00000000 00:00 0 
7f1184001000-7f118400c000 r--s 00116000 08:01 3154394                    /usr/lib/jvm/java-8-oracle/jre/lib/ext/localedata.jar
7f118400c000-7f118401b000 r--s 000dd000 08:01 5637991                    /home/nahue/Android/Sdk/build-tools/22.0.1/lib/dx.jar
7f118401b000-7f1184050000 rw-p 00000000 00:00 0 
7f1184050000-7f1184192000 ---p 00000000 00:00 0 
7f1184192000-7f118419d000 r-xp 00000000 08:01 3543107                    /lib/x86_64-linux-gnu/libnss_files-2.19.so
7f118419d000-7f118439c000 ---p 0000b000 08:01 3543107                    /lib/x86_64-linux-gnu/libnss_files-2.19.so
7f118439c000-7f118439d000 r--p 0000a000 08:01 3543107                    /lib/x86_64-linux-gnu/libnss_files-2.19.so
7f118439d000-7f118439e000 rw-p 0000b000 08:01 3543107                    /lib/x86_64-linux-gnu/libnss_files-2.19.so
7f118439e000-7f11843a9000 r-xp 00000000 08:01 3543117                    /lib/x86_64-linux-gnu/libnss_nis-2.19.so
7f11843a9000-7f11845a8000 ---p 0000b000 08:01 3543117                    /lib/x86_64-linux-gnu/libnss_nis-2.19.so
7f11845a8000-7f11845a9000 r--p 0000a000 08:01 3543117                    /lib/x86_64-linux-gnu/libnss_nis-2.19.so
7f11845a9000-7f11845aa000 rw-p 0000b000 08:01 3543117                    /lib/x86_64-linux-gnu/libnss_nis-2.19.so
7f11845aa000-7f11845c1000 r-xp 00000000 08:01 3543101                    /lib/x86_64-linux-gnu/libnsl-2.19.so
7f11845c1000-7f11847c0000 ---p 00017000 08:01 3543101                    /lib/x86_64-linux-gnu/libnsl-2.19.so
7f11847c0000-7f11847c1000 r--p 00016000 08:01 3543101                    /lib/x86_64-linux-gnu/libnsl-2.19.so
7f11847c1000-7f11847c2000 rw-p 00017000 08:01 3543101                    /lib/x86_64-linux-gnu/libnsl-2.19.so
7f11847c2000-7f11847c4000 rw-p 00000000 00:00 0 
7f11847c4000-7f11847cd000 r-xp 00000000 08:01 3543103                    /lib/x86_64-linux-gnu/libnss_compat-2.19.so
7f11847cd000-7f11849cc000 ---p 00009000 08:01 3543103                    /lib/x86_64-linux-gnu/libnss_compat-2.19.so
7f11849cc000-7f11849cd000 r--p 00008000 08:01 3543103                    /lib/x86_64-linux-gnu/libnss_compat-2.19.so
7f11849cd000-7f11849ce000 rw-p 00009000 08:01 3543103                    /lib/x86_64-linux-gnu/libnss_compat-2.19.so
7f11849ce000-7f11849f8000 r-xp 00000000 08:01 3154448                    /usr/lib/jvm/java-8-oracle/jre/lib/amd64/libjava.so
7f11849f8000-7f1184bf8000 ---p 0002a000 08:01 3154448                    /usr/lib/jvm/java-8-oracle/jre/lib/amd64/libjava.so
7f1184bf8000-7f1184bfa000 rw-p 0002a000 08:01 3154448                    /usr/lib/jvm/java-8-oracle/jre/lib/amd64/libjava.so
7f1184bfa000-7f1184c07000 r-xp 00000000 08:01 3154422                    /usr/lib/jvm/java-8-oracle/jre/lib/amd64/libverify.so
7f1184c07000-7f1184e07000 ---p 0000d000 08:01 3154422                    /usr/lib/jvm/java-8-oracle/jre/lib/amd64/libverify.so
7f1184e07000-7f1184e09000 rw-p 0000d000 08:01 3154422                    /usr/lib/jvm/java-8-oracle/jre/lib/amd64/libverify.so
7f1184e09000-7f1184e10000 r-xp 00000000 08:01 3543160                    /lib/x86_64-linux-gnu/librt-2.19.so
7f1184e10000-7f118500f000 ---p 00007000 08:01 3543160                    /lib/x86_64-linux-gnu/librt-2.19.so
7f118500f000-7f1185010000 r--p 00006000 08:01 3543160                    /lib/x86_64-linux-gnu/librt-2.19.so
7f1185010000-7f1185011000 rw-p 00007000 08:01 3543160                    /lib/x86_64-linux-gnu/librt-2.19.so
7f1185011000-7f1185116000 r-xp 00000000 08:01 3543082                    /lib/x86_64-linux-gnu/libm-2.19.so
7f1185116000-7f1185315000 ---p 00105000 08:01 3543082                    /lib/x86_64-linux-gnu/libm-2.19.so
7f1185315000-7f1185316000 r--p 00104000 08:01 3543082                    /lib/x86_64-linux-gnu/libm-2.19.so
7f1185316000-7f1185317000 rw-p 00105000 08:01 3543082                    /lib/x86_64-linux-gnu/libm-2.19.so
7f1185317000-7f1185fc5000 r-xp 00000000 08:01 3154412                    /usr/lib/jvm/java-8-oracle/jre/lib/amd64/server/libjvm.so
7f1185fc5000-7f11861c4000 ---p 00cae000 08:01 3154412                    /usr/lib/jvm/java-8-oracle/jre/lib/amd64/server/libjvm.so
7f11861c4000-7f118629b000 rw-p 00cad000 08:01 3154412                    /usr/lib/jvm/java-8-oracle/jre/lib/amd64/server/libjvm.so
7f118629b000-7f11862df000 rw-p 00000000 00:00 0 
7f11862df000-7f118649a000 r-xp 00000000 08:01 3543032                    /lib/x86_64-linux-gnu/libc-2.19.so
7f118649a000-7f1186699000 ---p 001bb000 08:01 3543032                    /lib/x86_64-linux-gnu/libc-2.19.so
7f1186699000-7f118669d000 r--p 001ba000 08:01 3543032                    /lib/x86_64-linux-gnu/libc-2.19.so
7f118669d000-7f118669f000 rw-p 001be000 08:01 3543032                    /lib/x86_64-linux-gnu/libc-2.19.so
7f118669f000-7f11866a4000 rw-p 00000000 00:00 0 
7f11866a4000-7f11866a7000 r-xp 00000000 08:01 3543049                    /lib/x86_64-linux-gnu/libdl-2.19.so
7f11866a7000-7f11868a6000 ---p 00003000 08:01 3543049                    /lib/x86_64-linux-gnu/libdl-2.19.so
7f11868a6000-7f11868a7000 r--p 00002000 08:01 3543049                    /lib/x86_64-linux-gnu/libdl-2.19.so
7f11868a7000-7f11868a8000 rw-p 00003000 08:01 3543049                    /lib/x86_64-linux-gnu/libdl-2.19.so
7f11868a8000-7f11868bd000 r-xp 00000000 08:01 3023357                    /usr/lib/jvm/java-8-oracle/lib/amd64/jli/libjli.so
7f11868bd000-7f1186abd000 ---p 00015000 08:01 3023357                    /usr/lib/jvm/java-8-oracle/lib/amd64/jli/libjli.so
7f1186abd000-7f1186abe000 rw-p 00015000 08:01 3023357                    /usr/lib/jvm/java-8-oracle/lib/amd64/jli/libjli.so
7f1186abe000-7f1186ad7000 r-xp 00000000 08:01 3543152                    /lib/x86_64-linux-gnu/libpthread-2.19.so
7f1186ad7000-7f1186cd6000 ---p 00019000 08:01 3543152                    /lib/x86_64-linux-gnu/libpthread-2.19.so
7f1186cd6000-7f1186cd7000 r--p 00018000 08:01 3543152                    /lib/x86_64-linux-gnu/libpthread-2.19.so
7f1186cd7000-7f1186cd8000 rw-p 00019000 08:01 3543152                    /lib/x86_64-linux-gnu/libpthread-2.19.so
7f1186cd8000-7f1186cdc000 rw-p 00000000 00:00 0 
7f1186cdc000-7f1186cff000 r-xp 00000000 08:01 3543008                    /lib/x86_64-linux-gnu/ld-2.19.so
7f1186cff000-7f1186de5000 rw-p 00000000 00:00 0 
7f1186de5000-7f1186de8000 ---p 00000000 00:00 0 
7f1186de8000-7f1186eea000 rw-p 00000000 00:00 0                          [stack:5188]
7f1186eec000-7f1186eed000 rw-p 00000000 00:00 0 
7f1186eed000-7f1186ef2000 r--s 00094000 08:01 3154368                    /usr/lib/jvm/java-8-oracle/jre/lib/jsse.jar
7f1186ef2000-7f1186efa000 rw-s 00000000 08:01 3293540                    /tmp/hsperfdata_nahue/5182
7f1186efa000-7f1186efb000 rw-p 00000000 00:00 0 
7f1186efb000-7f1186efc000 ---p 00000000 00:00 0 
7f1186efc000-7f1186efe000 rw-p 00000000 00:00 0 
7f1186efe000-7f1186eff000 r--p 00022000 08:01 3543008                    /lib/x86_64-linux-gnu/ld-2.19.so
7f1186eff000-7f1186f00000 rw-p 00023000 08:01 3543008                    /lib/x86_64-linux-gnu/ld-2.19.so
7f1186f00000-7f1186f01000 rw-p 00000000 00:00 0 
7ffc77e4b000-7ffc77e6d000 rw-p 00000000 00:00 0                          [stack]
7ffc77ff1000-7ffc77ff3000 r-xp 00000000 00:00 0                          [vdso]
7ffc77ff3000-7ffc77ff5000 r--p 00000000 00:00 0                          [vvar]
ffffffffff600000-ffffffffff601000 r-xp 00000000 00:00 0                  [vsyscall]

VM Arguments:
jvm_args: -Xmx1024M -Dfile.encoding=UTF-8 -Duser.country=AR -Duser.language=es -Duser.variant 
java_command: com.android.dx.command.Main --dex --output /home/nahue/Android/FirstFancyApp/app/build/intermediates/dex/debug /home/nahue/Android/FirstFancyApp/app/build/intermediates/classes/debug /home/nahue/Android/FirstFancyApp/app/build/intermediates/pre-dexed/debug/support-annotations-22.2.1-120a4f7aa3a07949722b2decbc25003bb9aff61f.jar /home/nahue/Android/FirstFancyApp/app/build/intermediates/pre-dexed/debug/classes-d25ac782f616c84a201e31871bb872238fa132a7.jar /home/nahue/Android/FirstFancyApp/app/build/intermediates/pre-dexed/debug/classes-ad25c94d8597e19eecc2e43e0b2570aeebee0a87.jar /home/nahue/Android/FirstFancyApp/app/build/intermediates/pre-dexed/debug/classes-5be02a99b70fab7d3087d39da0d937ac8ffb9b16.jar /home/nahue/Android/FirstFancyApp/app/build/intermediates/pre-dexed/debug/classes-39700de2ecc8b53fd2c8b3b67f826f518fb25d46.jar /home/nahue/Android/FirstFancyApp/app/build/intermediates/pre-dexed/debug/internal_impl-22.0.0-403c44ec1e47a8d0226c8572637340d78e3c50bc.jar /home/nahue/Android/FirstFancyApp/app/build/intermediates/pre-dexed/debug/classes-c86de8689f5cd98651cd5020e6b85958dff8b6ef.jar /home/nahue/Android/FirstFancyApp/app/build/intermediates/pre-dexed/debug/classes-1d2bede21cc66bdaf96d1843728d09699886dea2.jar /home/nahue/Android/FirstFancyApp/app/build/intermediates/pre-dexed/debug/classes-337a9e42517917b7e3b0d24bc39e42c35274cfcc.jar /home/nahue/Android/FirstFancyApp/app/build/intermediates/pre-dexed/debug/classes-18c34ada5f8133c8ec0e53c868b0269978712b4d.jar /home/nahue/Android/FirstFancyApp/app/build/intermediates/pre-dexed/debug/classes-71c59b12f1664a8e2acef057dedf48e680a95091.jar /home/nahue/Android/FirstFancyApp/app/build/intermediates/pre-dexed/debug/classes-cbd60d0ccbba1c97e7758f2c4fff54fdff10ab8a.jar /home/nahue/Android/FirstFancyApp/app/build/intermediates/pre-dexed/debug/classes-dc67553574208b46b6ea5d0ca68416b71a1bd9ef.jar /home/nahue/Android/FirstFancyApp/app/build/intermediates/pre-dexed/debug/classes-d9b74d5f5859fc2783e04c69dd53e89dc0f1
java_class_path (initial): /home/nahue/Android/Sdk/build-tools/22.0.1/lib/dx.jar
Launcher Type: SUN_STANDARD

Environment Variables:
PATH=/usr/local/sbin:/usr/local/bin:/usr/sbin:/usr/bin:/sbin:/bin:/usr/games:/usr/local/games
LD_LIBRARY_PATH=.:
SHELL=/bin/bash
DISPLAY=:0

Signal Handlers:
SIGSEGV: [libjvm.so+0xaad1e0], sa_mask[0]=11111111011111111101111111111110, sa_flags=SA_RESTART|SA_SIGINFO
SIGBUS: [libjvm.so+0xaad1e0], sa_mask[0]=11111111011111111101111111111110, sa_flags=SA_RESTART|SA_SIGINFO
SIGFPE: [libjvm.so+0x90b450], sa_mask[0]=11111111011111111101111111111110, sa_flags=SA_RESTART|SA_SIGINFO
SIGPIPE: [libjvm.so+0x90b450], sa_mask[0]=11111111011111111101111111111110, sa_flags=SA_RESTART|SA_SIGINFO
SIGXFSZ: [libjvm.so+0x90b450], sa_mask[0]=11111111011111111101111111111110, sa_flags=SA_RESTART|SA_SIGINFO
SIGILL: [libjvm.so+0x90b450], sa_mask[0]=11111111011111111101111111111110, sa_flags=SA_RESTART|SA_SIGINFO
SIGUSR1: SIG_DFL, sa_mask[0]=00000000000000000000000000000000, sa_flags=none
SIGUSR2: [libjvm.so+0x90ca90], sa_mask[0]=00100000000000000000000000000000, sa_flags=SA_RESTART|SA_SIGINFO
SIGHUP: [libjvm.so+0x90dde0], sa_mask[0]=11111111011111111101111111111110, sa_flags=SA_RESTART|SA_SIGINFO
SIGINT: [libjvm.so+0x90dde0], sa_mask[0]=11111111011111111101111111111110, sa_flags=SA_RESTART|SA_SIGINFO
SIGTERM: [libjvm.so+0x90dde0], sa_mask[0]=11111111011111111101111111111110, sa_flags=SA_RESTART|SA_SIGINFO
SIGQUIT: [libjvm.so+0x90dde0], sa_mask[0]=11111111011111111101111111111110, sa_flags=SA_RESTART|SA_SIGINFO


---------------  S Y S T E M  ---------------

OS:DISTRIB_ID="elementary OS"
DISTRIB_RELEASE=0.3
DISTRIB_CODENAME=freya
DISTRIB_DESCRIPTION="elementary OS Freya"

uname:Linux 3.16.0-44-generic #59~14.04.1-Ubuntu SMP Tue Jul 7 15:07:27 UTC 2015 x86_64
libc:glibc 2.19 NPTL 2.19 
rlimit: STACK 8192k, CORE 0k, NPROC 14406, NOFILE 4096, AS infinity
load average:1,28 0,98 0,91

/proc/meminfo:
MemTotal:        3783968 kB
MemFree:          138116 kB
MemAvailable:      84112 kB
Buffers:            1744 kB
Cached:            30144 kB
SwapCached:            0 kB
Active:          3485188 kB
Inactive:          19964 kB
Active(anon):    3474480 kB
Inactive(anon):     1892 kB
Active(file):      10708 kB
Inactive(file):    18072 kB
Unevictable:          32 kB
Mlocked:              32 kB
SwapTotal:             0 kB
SwapFree:              0 kB
Dirty:               148 kB
Writeback:             0 kB
AnonPages:       3473532 kB
Mapped:            23972 kB
Shmem:              2872 kB
Slab:              55412 kB
SReclaimable:      32144 kB
SUnreclaim:        23268 kB
KernelStack:        6464 kB
PageTables:        25880 kB
NFS_Unstable:          0 kB
Bounce:                0 kB
WritebackTmp:          0 kB
CommitLimit:     1891984 kB
Committed_AS:    5067740 kB
VmallocTotal:   34359738367 kB
VmallocUsed:      282204 kB
VmallocChunk:   34359449920 kB
HardwareCorrupted:     0 kB
AnonHugePages:   2129920 kB
HugePages_Total:       0
HugePages_Free:        0
HugePages_Rsvd:        0
HugePages_Surp:        0
Hugepagesize:       2048 kB
DirectMap4k:       71620 kB
DirectMap2M:     2805760 kB
DirectMap1G:     3145728 kB


CPU:total 2 (2 cores per cpu, 1 threads per core) family 16 model 6 stepping 3, cmov, cx8, fxsr, mmx, sse, sse2, sse3, popcnt, mmxext, 3dnowpref, lzcnt, tsc, tscinvbit, tscinv

/proc/cpuinfo:
processor	: 0
vendor_id	: AuthenticAMD
cpu family	: 16
model		: 6
model name	: AMD Athlon(tm) II P320 Dual-Core Processor
stepping	: 3
microcode	: 0x10000c8
cpu MHz		: 1500.000
cache size	: 512 KB
physical id	: 0
siblings	: 2
core id		: 0
cpu cores	: 2
apicid		: 0
initial apicid	: 0
fpu		: yes
fpu_exception	: yes
cpuid level	: 5
wp		: yes
flags		: fpu vme de pse tsc msr pae mce cx8 apic sep mtrr pge mca cmov pat pse36 clflush mmx fxsr sse sse2 ht syscall nx mmxext fxsr_opt pdpe1gb rdtscp lm 3dnowext 3dnow constant_tsc rep_good nopl nonstop_tsc extd_apicid pni monitor cx16 popcnt lahf_lm cmp_legacy svm extapic cr8_legacy abm sse4a 3dnowprefetch osvw ibs skinit wdt nodeid_msr hw_pstate npt lbrv svm_lock nrip_save vmmcall
bogomips	: 4189.36
TLB size	: 1024 4K pages
clflush size	: 64
cache_alignment	: 64
address sizes	: 48 bits physical, 48 bits virtual
power management: ts ttp tm stc 100mhzsteps hwpstate

processor	: 1
vendor_id	: AuthenticAMD
cpu family	: 16
model		: 6
model name	: AMD Athlon(tm) II P320 Dual-Core Processor
stepping	: 3
microcode	: 0x10000c8
cpu MHz		: 800.000
cache size	: 512 KB
physical id	: 0
siblings	: 2
core id		: 1
cpu cores	: 2
apicid		: 1
initial apicid	: 1
fpu		: yes
fpu_exception	: yes
cpuid level	: 5
wp		: yes
flags		: fpu vme de pse tsc msr pae mce cx8 apic sep mtrr pge mca cmov pat pse36 clflush mmx fxsr sse sse2 ht syscall nx mmxext fxsr_opt pdpe1gb rdtscp lm 3dnowext 3dnow constant_tsc rep_good nopl nonstop_tsc extd_apicid pni monitor cx16 popcnt lahf_lm cmp_legacy svm extapic cr8_legacy abm sse4a 3dnowprefetch osvw ibs skinit wdt nodeid_msr hw_pstate npt lbrv svm_lock nrip_save vmmcall
bogomips	: 4189.36
TLB size	: 1024 4K pages
clflush size	: 64
cache_alignment	: 64
address sizes	: 48 bits physical, 48 bits virtual
power management: ts ttp tm stc 100mhzsteps hwpstate



Memory: 4k page, physical 3783968k(138116k free), swap 0k(0k free)

vm_info: Java HotSpot(TM) 64-Bit Server VM (25.45-b02) for linux-amd64 JRE (1.8.0_45-b14), built on Apr 10 2015 10:07:45 by "java_re" with gcc 4.3.0 20080428 (Red Hat 4.3.0-8)

time: Thu Jul 23 19:04:03 2015
elapsed time: 6 seconds (0d 0h 0m 6s)

